# JRE version: Java(TM) SE Runtime Environment (8.0_211-b12) (build 1.8.0_211-b12)
# Java VM: Java HotSpot(TM) 64-Bit Server VM (25.211-b12 mixed mode windows-amd64 compressed oops)
Heap:
 PSYoungGen      total 154112K, used 79854K [0x000000076c000000, 0x000000077d100000, 0x00000007c0000000)
  eden space 143360K, 48% used [0x000000076c000000,0x0000000770382cc0,0x0000000774c00000)
  from space 10752K, 99% used [0x000000077c680000,0x000000077d0f8cf8,0x000000077d100000)
  to   space 10752K, 0% used [0x000000077bc00000,0x000000077bc00000,0x000000077c680000)
 ParOldGen       total 246784K, used 88047K [0x00000006c4000000, 0x00000006d3100000, 0x000000076c000000)
  object space 246784K, 35% used [0x00000006c4000000,0x00000006c95fbe50,0x00000006d3100000)
 Metaspace       used 27801K, capacity 28069K, committed 28416K, reserved 1075200K
  class space    used 2732K, capacity 2811K, committed 2816K, reserved 1048576K
GC Heap History (10 events):
Event: 0.715 GC heap before
{Heap before GC invocations=1 (full 0):
 PSYoungGen      total 75264K, used 51205K [0x000000076c000000, 0x0000000771400000, 0x00000007c0000000)
  eden space 64512K, 79% used [0x000000076c000000,0x000000076f201658,0x000000076ff00000)
  from space 10752K, 0% used [0x0000000770980000,0x0000000770980000,0x0000000771400000)
  to   space 10752K, 0% used [0x000000076ff00000,0x000000076ff00000,0x0000000770980000)
 ParOldGen       total 172032K, used 0K [0x00000006c4000000, 0x00000006ce800000, 0x000000076c000000)
  object space 172032K, 0% used [0x00000006c4000000,0x00000006c4000000,0x00000006ce800000)
 Metaspace       used 7373K, capacity 7551K, committed 7808K, reserved 1056768K
  class space    used 709K, capacity 796K, committed 896K, reserved 1048576K
Event: 0.735 GC heap after
Heap after GC invocations=1 (full 0):
 PSYoungGen      total 75264K, used 10736K [0x000000076c000000, 0x0000000775300000, 0x00000007c0000000)
  eden space 64512K, 0% used [0x000000076c000000,0x000000076c000000,0x000000076ff00000)
  from space 10752K, 99% used [0x000000076ff00000,0x000000077097c020,0x0000000770980000)
  to   space 10752K, 0% used [0x0000000774880000,0x0000000774880000,0x0000000775300000)
 ParOldGen       total 172032K, used 28187K [0x00000006c4000000, 0x00000006ce800000, 0x000000076c000000)
  object space 172032K, 16% used [0x00000006c4000000,0x00000006c5b86ed0,0x00000006ce800000)
 Metaspace       used 7373K, capacity 7551K, committed 7808K, reserved 1056768K
  class space    used 709K, capacity 796K, committed 896K, reserved 1048576K
}
Event: 1.858 GC heap before
{Heap before GC invocations=2 (full 0):
 PSYoungGen      total 75264K, used 75248K [0x000000076c000000, 0x0000000775300000, 0x00000007c0000000)
  eden space 64512K, 100% used [0x000000076c000000,0x000000076ff00000,0x000000076ff00000)
  from space 10752K, 99% used [0x000000076ff00000,0x000000077097c020,0x0000000770980000)
  to   space 10752K, 0% used [0x0000000774880000,0x0000000774880000,0x0000000775300000)
 ParOldGen       total 172032K, used 28187K [0x00000006c4000000, 0x00000006ce800000, 0x000000076c000000)
  object space 172032K, 16% used [0x00000006c4000000,0x00000006c5b86ed0,0x00000006ce800000)
 Metaspace       used 16248K, capacity 16503K, committed 16640K, reserved 1064960K
  class space    used 1665K, capacity 1743K, committed 1792K, reserved 1048576K
Event: 1.871 GC heap after
Heap after GC invocations=2 (full 0):
 PSYoungGen      total 139776K, used 10741K [0x000000076c000000, 0x0000000775300000, 0x00000007c0000000)
  eden space 129024K, 0% used [0x000000076c000000,0x000000076c000000,0x0000000773e00000)
  from space 10752K, 99% used [0x0000000774880000,0x00000007752fd7d8,0x0000000775300000)
  to   space 10752K, 0% used [0x0000000773e00000,0x0000000773e00000,0x0000000774880000)
 ParOldGen       total 172032K, used 67034K [0x00000006c4000000, 0x00000006ce800000, 0x000000076c000000)
  object space 172032K, 38% used [0x00000006c4000000,0x00000006c8176b00,0x00000006ce800000)
 Metaspace       used 16248K, capacity 16503K, committed 16640K, reserved 1064960K
  class space    used 1665K, capacity 1743K, committed 1792K, reserved 1048576K
}
Event: 2.381 GC heap before
{Heap before GC invocations=3 (full 0):
 PSYoungGen      total 139776K, used 43087K [0x000000076c000000, 0x0000000775300000, 0x00000007c0000000)
  eden space 129024K, 25% used [0x000000076c000000,0x000000076df96600,0x0000000773e00000)
  from space 10752K, 99% used [0x0000000774880000,0x00000007752fd7d8,0x0000000775300000)
  to   space 10752K, 0% used [0x0000000773e00000,0x0000000773e00000,0x0000000774880000)
 ParOldGen       total 172032K, used 67034K [0x00000006c4000000, 0x00000006ce800000, 0x000000076c000000)
  object space 172032K, 38% used [0x00000006c4000000,0x00000006c8176b00,0x00000006ce800000)
 Metaspace       used 20830K, capacity 21031K, committed 21248K, reserved 1069056K
  class space    used 1945K, capacity 2032K, committed 2048K, reserved 1048576K
Event: 2.391 GC heap after
Heap after GC invocations=3 (full 0):
 PSYoungGen      total 139776K, used 10741K [0x000000076c000000, 0x000000077d100000, 0x00000007c0000000)
  eden space 129024K, 0% used [0x000000076c000000,0x000000076c000000,0x0000000773e00000)
  from space 10752K, 99% used [0x0000000773e00000,0x000000077487d7d8,0x0000000774880000)
  to   space 10752K, 0% used [0x000000077c680000,0x000000077c680000,0x000000077d100000)
 ParOldGen       total 172032K, used 70524K [0x00000006c4000000, 0x00000006ce800000, 0x000000076c000000)
  object space 172032K, 40% used [0x00000006c4000000,0x00000006c84df020,0x00000006ce800000)
 Metaspace       used 20830K, capacity 21031K, committed 21248K, reserved 1069056K
  class space    used 1945K, capacity 2032K, committed 2048K, reserved 1048576K
}
Event: 2.391 GC heap before
{Heap before GC invocations=4 (full 1):
 PSYoungGen      total 139776K, used 10741K [0x000000076c000000, 0x000000077d100000, 0x00000007c0000000)
  eden space 129024K, 0% used [0x000000076c000000,0x000000076c000000,0x0000000773e00000)
  from space 10752K, 99% used [0x0000000773e00000,0x000000077487d7d8,0x0000000774880000)
  to   space 10752K, 0% used [0x000000077c680000,0x000000077c680000,0x000000077d100000)
 ParOldGen       total 172032K, used 70524K [0x00000006c4000000, 0x00000006ce800000, 0x000000076c000000)
  object space 172032K, 40% used [0x00000006c4000000,0x00000006c84df020,0x00000006ce800000)
 Metaspace       used 20830K, capacity 21031K, committed 21248K, reserved 1069056K
  class space    used 1945K, capacity 2032K, committed 2048K, reserved 1048576K
Event: 2.713 GC heap after
Heap after GC invocations=4 (full 1):
 PSYoungGen      total 139776K, used 0K [0x000000076c000000, 0x000000077d100000, 0x00000007c0000000)
  eden space 129024K, 0% used [0x000000076c000000,0x000000076c000000,0x0000000773e00000)
  from space 10752K, 0% used [0x0000000773e00000,0x0000000773e00000,0x0000000774880000)
  to   space 10752K, 0% used [0x000000077c680000,0x000000077c680000,0x000000077d100000)
 ParOldGen       total 246784K, used 77169K [0x00000006c4000000, 0x00000006d3100000, 0x000000076c000000)
  object space 246784K, 31% used [0x00000006c4000000,0x00000006c8b5c730,0x00000006d3100000)
 Metaspace       used 20830K, capacity 21031K, committed 21248K, reserved 1069056K
  class space    used 1945K, capacity 2032K, committed 2048K, reserved 1048576K
}
Event: 86.101 GC heap before
{Heap before GC invocations=5 (full 1):
 PSYoungGen      total 139776K, used 129024K [0x000000076c000000, 0x000000077d100000, 0x00000007c0000000)
  eden space 129024K, 100% used [0x000000076c000000,0x0000000773e00000,0x0000000773e00000)
  from space 10752K, 0% used [0x0000000773e00000,0x0000000773e00000,0x0000000774880000)
  to   space 10752K, 0% used [0x000000077c680000,0x000000077c680000,0x000000077d100000)
 ParOldGen       total 246784K, used 77169K [0x00000006c4000000, 0x00000006d3100000, 0x000000076c000000)
  object space 246784K, 31% used [0x00000006c4000000,0x00000006c8b5c730,0x00000006d3100000)
 Metaspace       used 27576K, capacity 27813K, committed 28160K, reserved 1075200K
  class space    used 2721K, capacity 2811K, committed 2816K, reserved 1048576K
Event: 86.106 GC heap after
Heap after GC invocations=5 (full 1):
 PSYoungGen      total 154112K, used 10723K [0x000000076c000000, 0x000000077d100000, 0x00000007c0000000)
  eden space 143360K, 0% used [0x000000076c000000,0x000000076c000000,0x0000000774c00000)
  from space 10752K, 99% used [0x000000077c680000,0x000000077d0f8cf8,0x000000077d100000)
  to   space 10752K, 0% used [0x000000077bc00000,0x000000077bc00000,0x000000077c680000)
 ParOldGen       total 246784K, used 88047K [0x00000006c4000000, 0x00000006d3100000, 0x000000076c000000)
  object space 246784K, 35% used [0x00000006c4000000,0x00000006c95fbe50,0x00000006d3100000)
 Metaspace       used 27576K, capacity 27813K, committed 28160K, reserved 1075200K
  class space    used 2721K, capacity 2811K, committed 2816K, reserved 1048576K
}

