# JRE version: Java(TM) SE Runtime Environment (8.0_211-b12) (build 1.8.0_211-b12)
# Java VM: Java HotSpot(TM) 64-Bit Server VM (25.211-b12 mixed mode windows-amd64 compressed oops)
Heap:
 PSYoungGen      total 139776K, used 125047K [0x000000076c000000, 0x000000077d100000, 0x00000007c0000000)
  eden space 129024K, 96% used [0x000000076c000000,0x0000000773a1dca8,0x0000000773e00000)
  from space 10752K, 0% used [0x0000000773e00000,0x0000000773e00000,0x0000000774880000)
  to   space 10752K, 0% used [0x000000077c680000,0x000000077c680000,0x000000077d100000)
 ParOldGen       total 241664K, used 77010K [0x00000006c4000000, 0x00000006d2c00000, 0x000000076c000000)
  object space 241664K, 31% used [0x00000006c4000000,0x00000006c8b348c0,0x00000006d2c00000)
 Metaspace       used 27491K, capacity 27753K, committed 28160K, reserved 1075200K
  class space    used 2737K, capacity 2811K, committed 2816K, reserved 1048576K
GC Heap History (8 events):
Event: 0.186 GC heap before
{Heap before GC invocations=1 (full 0):
 PSYoungGen      total 75264K, used 51374K [0x000000076c000000, 0x0000000771400000, 0x00000007c0000000)
  eden space 64512K, 79% used [0x000000076c000000,0x000000076f22b8b8,0x000000076ff00000)
  from space 10752K, 0% used [0x0000000770980000,0x0000000770980000,0x0000000771400000)
  to   space 10752K, 0% used [0x000000076ff00000,0x000000076ff00000,0x0000000770980000)
 ParOldGen       total 172032K, used 0K [0x00000006c4000000, 0x00000006ce800000, 0x000000076c000000)
  object space 172032K, 0% used [0x00000006c4000000,0x00000006c4000000,0x00000006ce800000)
 Metaspace       used 7374K, capacity 7555K, committed 7808K, reserved 1056768K
  class space    used 709K, capacity 796K, committed 896K, reserved 1048576K
Event: 0.209 GC heap after
Heap after GC invocations=1 (full 0):
 PSYoungGen      total 75264K, used 10720K [0x000000076c000000, 0x0000000775300000, 0x00000007c0000000)
  eden space 64512K, 0% used [0x000000076c000000,0x000000076c000000,0x000000076ff00000)
  from space 10752K, 99% used [0x000000076ff00000,0x0000000770978010,0x0000000770980000)
  to   space 10752K, 0% used [0x0000000774880000,0x0000000774880000,0x0000000775300000)
 ParOldGen       total 172032K, used 28195K [0x00000006c4000000, 0x00000006ce800000, 0x000000076c000000)
  object space 172032K, 16% used [0x00000006c4000000,0x00000006c5b88dc8,0x00000006ce800000)
 Metaspace       used 7374K, capacity 7555K, committed 7808K, reserved 1056768K
  class space    used 709K, capacity 796K, committed 896K, reserved 1048576K
}
Event: 0.933 GC heap before
{Heap before GC invocations=2 (full 0):
 PSYoungGen      total 75264K, used 75232K [0x000000076c000000, 0x0000000775300000, 0x00000007c0000000)
  eden space 64512K, 100% used [0x000000076c000000,0x000000076ff00000,0x000000076ff00000)
  from space 10752K, 99% used [0x000000076ff00000,0x0000000770978010,0x0000000770980000)
  to   space 10752K, 0% used [0x0000000774880000,0x0000000774880000,0x0000000775300000)
 ParOldGen       total 172032K, used 28195K [0x00000006c4000000, 0x00000006ce800000, 0x000000076c000000)
  object space 172032K, 16% used [0x00000006c4000000,0x00000006c5b88dc8,0x00000006ce800000)
 Metaspace       used 16574K, capacity 16795K, committed 16896K, reserved 1064960K
  class space    used 1693K, capacity 1775K, committed 1792K, reserved 1048576K
Event: 0.949 GC heap after
Heap after GC invocations=2 (full 0):
 PSYoungGen      total 139776K, used 10727K [0x000000076c000000, 0x0000000775300000, 0x00000007c0000000)
  eden space 129024K, 0% used [0x000000076c000000,0x000000076c000000,0x0000000773e00000)
  from space 10752K, 99% used [0x0000000774880000,0x00000007752f9c90,0x0000000775300000)
  to   space 10752K, 0% used [0x0000000773e00000,0x0000000773e00000,0x0000000774880000)
 ParOldGen       total 172032K, used 67281K [0x00000006c4000000, 0x00000006ce800000, 0x000000076c000000)
  object space 172032K, 39% used [0x00000006c4000000,0x00000006c81b4528,0x00000006ce800000)
 Metaspace       used 16574K, capacity 16795K, committed 16896K, reserved 1064960K
  class space    used 1693K, capacity 1775K, committed 1792K, reserved 1048576K
}
Event: 1.405 GC heap before
{Heap before GC invocations=3 (full 0):
 PSYoungGen      total 139776K, used 43880K [0x000000076c000000, 0x0000000775300000, 0x00000007c0000000)
  eden space 129024K, 25% used [0x000000076c000000,0x000000076e0606a0,0x0000000773e00000)
  from space 10752K, 99% used [0x0000000774880000,0x00000007752f9c90,0x0000000775300000)
  to   space 10752K, 0% used [0x0000000773e00000,0x0000000773e00000,0x0000000774880000)
 ParOldGen       total 172032K, used 67281K [0x00000006c4000000, 0x00000006ce800000, 0x000000076c000000)
  object space 172032K, 39% used [0x00000006c4000000,0x00000006c81b4528,0x00000006ce800000)
 Metaspace       used 20834K, capacity 21035K, committed 21248K, reserved 1069056K
  class space    used 1945K, capacity 2032K, committed 2048K, reserved 1048576K
Event: 1.416 GC heap after
Heap after GC invocations=3 (full 0):
 PSYoungGen      total 139776K, used 10725K [0x000000076c000000, 0x000000077d100000, 0x00000007c0000000)
  eden space 129024K, 0% used [0x000000076c000000,0x000000076c000000,0x0000000773e00000)
  from space 10752K, 99% used [0x0000000773e00000,0x00000007748795c8,0x0000000774880000)
  to   space 10752K, 0% used [0x000000077c680000,0x000000077c680000,0x000000077d100000)
 ParOldGen       total 172032K, used 70498K [0x00000006c4000000, 0x00000006ce800000, 0x000000076c000000)
  object space 172032K, 40% used [0x00000006c4000000,0x00000006c84d8ac8,0x00000006ce800000)
 Metaspace       used 20834K, capacity 21035K, committed 21248K, reserved 1069056K
  class space    used 1945K, capacity 2032K, committed 2048K, reserved 1048576K
}
Event: 1.416 GC heap before
{Heap before GC invocations=4 (full 1):
 PSYoungGen      total 139776K, used 10725K [0x000000076c000000, 0x000000077d100000, 0x00000007c0000000)
  eden space 129024K, 0% used [0x000000076c000000,0x000000076c000000,0x0000000773e00000)
  from space 10752K, 99% used [0x0000000773e00000,0x00000007748795c8,0x0000000774880000)
  to   space 10752K, 0% used [0x000000077c680000,0x000000077c680000,0x000000077d100000)
 ParOldGen       total 172032K, used 70498K [0x00000006c4000000, 0x00000006ce800000, 0x000000076c000000)
  object space 172032K, 40% used [0x00000006c4000000,0x00000006c84d8ac8,0x00000006ce800000)
 Metaspace       used 20834K, capacity 21035K, committed 21248K, reserved 1069056K
  class space    used 1945K, capacity 2032K, committed 2048K, reserved 1048576K
Event: 1.735 GC heap after
Heap after GC invocations=4 (full 1):
 PSYoungGen      total 139776K, used 0K [0x000000076c000000, 0x000000077d100000, 0x00000007c0000000)
  eden space 129024K, 0% used [0x000000076c000000,0x000000076c000000,0x0000000773e00000)
  from space 10752K, 0% used [0x0000000773e00000,0x0000000773e00000,0x0000000774880000)
  to   space 10752K, 0% used [0x000000077c680000,0x000000077c680000,0x000000077d100000)
 ParOldGen       total 241664K, used 77010K [0x00000006c4000000, 0x00000006d2c00000, 0x000000076c000000)
  object space 241664K, 31% used [0x00000006c4000000,0x00000006c8b348c0,0x00000006d2c00000)
 Metaspace       used 20834K, capacity 21035K, committed 21248K, reserved 1069056K
  class space    used 1945K, capacity 2032K, committed 2048K, reserved 1048576K
}

